\BOOKMARK [1][-]{section.1}{Purpose of this document}{}% 1
\BOOKMARK [1][-]{section.2}{History and design approach}{}% 2
\BOOKMARK [2][-]{subsection.2.1}{Previously used code and its limitations}{section.2}% 3
\BOOKMARK [2][-]{subsection.2.2}{Overview of design approach}{section.2}% 4
\BOOKMARK [2][-]{subsection.2.3}{What the code does}{section.2}% 5
\BOOKMARK [2][-]{subsection.2.4}{Multi-domain method}{section.2}% 6
\BOOKMARK [1][-]{section.3}{Classes}{}% 7
\BOOKMARK [2][-]{subsection.3.1}{TimeStepper}{section.3}% 8
\BOOKMARK [3][-]{subsubsection.3.1.1}{Euler}{subsection.3.1}% 9
\BOOKMARK [3][-]{subsubsection.3.1.2}{AdamsBashforth}{subsection.3.1}% 10
\BOOKMARK [3][-]{subsubsection.3.1.3}{RungeKutta2}{subsection.3.1}% 11
\BOOKMARK [3][-]{subsubsection.3.1.4}{RungeKutta3}{subsection.3.1}% 12
\BOOKMARK [2][-]{subsection.3.2}{ProjectionSolver}{section.3}% 13
\BOOKMARK [3][-]{subsubsection.3.2.1}{CholeskySolver}{subsection.3.2}% 14
\BOOKMARK [3][-]{subsubsection.3.2.2}{ConjugateGradientSolver}{subsection.3.2}% 15
\BOOKMARK [2][-]{subsection.3.3}{NavierStokesModel}{section.3}% 16
\BOOKMARK [3][-]{subsubsection.3.3.1}{NonlinearNavierStokes}{subsection.3.3}% 17
\BOOKMARK [3][-]{subsubsection.3.3.2}{LinearNavierStokes}{subsection.3.3}% 18
\BOOKMARK [3][-]{subsubsection.3.3.3}{AdjointNavierStokes}{subsection.3.3}% 19
\BOOKMARK [2][-]{subsection.3.4}{Regularizer}{section.3}% 20
\BOOKMARK [2][-]{subsection.3.5}{Grid}{section.3}% 21
\BOOKMARK [2][-]{subsection.3.6}{State}{section.3}% 22
\BOOKMARK [2][-]{subsection.3.7}{Scalar}{section.3}% 23
\BOOKMARK [2][-]{subsection.3.8}{Flux}{section.3}% 24
\BOOKMARK [2][-]{subsection.3.9}{BoundaryVector}{section.3}% 25
\BOOKMARK [2][-]{subsection.3.10}{Probe}{section.3}% 26
\BOOKMARK [2][-]{subsection.3.11}{Geometry}{section.3}% 27
\BOOKMARK [2][-]{subsection.3.12}{RigidBody}{section.3}% 28
\BOOKMARK [2][-]{subsection.3.13}{Motion}{section.3}% 29
\BOOKMARK [3][-]{subsubsection.3.13.1}{FixedPosition}{subsection.3.13}% 30
\BOOKMARK [2][-]{subsection.3.14}{SE2}{section.3}% 31
\BOOKMARK [2][-]{subsection.3.15}{TangentSE2}{section.3}% 32
